<?xml version="1.0" encoding="utf-8"?><testsuites name="pytest tests"><testsuite name="pytest" errors="0" failures="0" skipped="0" tests="9" time="1.358" timestamp="2026-06-30T23:54:47.162942+00:00" hostname="agent-env-fd40eb44-0ee2-48c0-88cb-37cd4d2ba2dc"><testcase classname="backend.tests.test_order_cancellation.TestGuestCancel" name="test_guest_cancel_invalid_token" time="0.285" /><testcase classname="backend.tests.test_order_cancellation.TestGuestCancel" name="test_guest_cancel_missing_token" time="0.104" /><testcase classname="backend.tests.test_order_cancellation.TestGuestCancel" name="test_guest_cancel_invalid_objectid_format" time="0.121" /><testcase classname="backend.tests.test_order_cancellation.TestUserCancel" name="test_user_cancel_requires_auth" time="0.099" /><testcase classname="backend.tests.test_order_cancellation.TestUserCancel" name="test_user_cancel_nonexistent_order_authenticated" time="0.379" /><testcase classname="backend.tests.test_order_cancellation.TestUserCancel" name="test_user_cancel_requires_reason_body" time="0.046" /><testcase classname="backend.tests.test_order_cancellation.TestAdminCancel" name="test_admin_cancel_endpoint_exists" time="0.047" /><testcase classname="backend.tests.test_order_cancellation.TestAdminCancel" name="test_admin_cancel_requires_admin" time="0.111" /><testcase classname="backend.tests.test_order_cancellation.TestFrontendRoute" name="test_cancel_order_page_loads" time="0.112" /></testsuite></testsuites>