<?xml version="1.0" encoding="utf-8"?><testsuites name="pytest tests"><testsuite name="pytest" errors="0" failures="0" skipped="0" tests="15" time="3.043" timestamp="2026-06-12T20:22:38.292829+00:00" hostname="agent-env-fd40eb44-0ee2-48c0-88cb-37cd4d2ba2dc"><testcase classname="backend.tests.test_visibility_csv" name="test_root" time="0.275" /><testcase classname="backend.tests.test_visibility_csv" name="test_admin_login" time="0.493" /><testcase classname="backend.tests.test_visibility_csv" name="test_products_count_is_large" time="0.078" /><testcase classname="backend.tests.test_visibility_csv" name="test_product_structure" time="0.062" /><testcase classname="backend.tests.test_visibility_csv" name="test_categories_endpoint" time="0.057" /><testcase classname="backend.tests.test_visibility_csv" name="test_brands_endpoint" time="0.061" /><testcase classname="backend.tests.test_visibility_csv" name="test_category_filter" time="0.108" /><testcase classname="backend.tests.test_visibility_csv" name="test_brand_filter" time="0.170" /><testcase classname="backend.tests.test_visibility_csv" name="test_admin_all_endpoint_requires_admin" time="0.066" /><testcase classname="backend.tests.test_visibility_csv" name="test_admin_all_endpoint_returns_all" time="0.510" /><testcase classname="backend.tests.test_visibility_csv" name="test_admin_pagination" time="0.062" /><testcase classname="backend.tests.test_visibility_csv" name="test_visibility_toggle_hides_product" time="0.627" /><testcase classname="backend.tests.test_visibility_csv" name="test_visibility_requires_admin" time="0.112" /><testcase classname="backend.tests.test_visibility_csv" name="test_visibility_invalid_product_id" time="0.059" /><testcase classname="backend.tests.test_visibility_csv" name="test_public_endpoint_filters_invisible" time="0.109" /></testsuite></testsuites>