<?xml version="1.0" encoding="utf-8"?><testsuites name="pytest tests"><testsuite name="pytest" errors="0" failures="0" skipped="0" tests="8" time="1.259" timestamp="2026-06-27T16:44:27.582223+00:00" hostname="agent-env-fd40eb44-0ee2-48c0-88cb-37cd4d2ba2dc"><testcase classname="backend.tests.test_scent_profile_filter.TestScentProfileFilter" name="test_admin_all_no_filter" time="0.538" /><testcase classname="backend.tests.test_scent_profile_filter.TestScentProfileFilter" name="test_filter_all" time="0.094" /><testcase classname="backend.tests.test_scent_profile_filter.TestScentProfileFilter" name="test_filter_with_returns_only_products_with_profiles" time="0.058" /><testcase classname="backend.tests.test_scent_profile_filter.TestScentProfileFilter" name="test_filter_without_returns_only_products_without_profiles" time="0.059" /><testcase classname="backend.tests.test_scent_profile_filter.TestScentProfileFilter" name="test_with_plus_without_equals_total" time="0.144" /><testcase classname="backend.tests.test_scent_profile_filter.TestScentProfileFilter" name="test_search_combined_with_scent_filter_without" time="0.053" /><testcase classname="backend.tests.test_scent_profile_filter.TestProductScentProfilesUpdate" name="test_update_scent_profiles_persists" time="0.209" /><testcase classname="backend.tests.test_scent_profile_filter.TestScentMigrationStatus" name="test_status_has_required_db_stats" time="0.053" /></testsuite></testsuites>