<?xml version="1.0" encoding="utf-8"?><testsuites name="pytest tests"><testsuite name="pytest" errors="0" failures="0" skipped="0" tests="6" time="1.321" timestamp="2026-07-13T21:05:02.609977+00:00" hostname="agent-env-fd40eb44-0ee2-48c0-88cb-37cd4d2ba2dc"><testcase classname="backend.tests.test_related_and_campaign" name="test_related_default_returns_up_to_6" time="0.375" /><testcase classname="backend.tests.test_related_and_campaign" name="test_related_manual_picks_priority" time="0.473" /><testcase classname="backend.tests.test_related_and_campaign" name="test_related_bulk" time="0.047" /><testcase classname="backend.tests.test_related_and_campaign" name="test_homepage_settings_returns_campaign_banner" time="0.046" /><testcase classname="backend.tests.test_related_and_campaign" name="test_campaign_banner_requires_auth" time="0.121" /><testcase classname="backend.tests.test_related_and_campaign" name="test_campaign_banner_admin_update" time="0.198" /></testsuite></testsuites>