<?xml version="1.0" encoding="utf-8"?><testsuites name="pytest tests"><testsuite name="pytest" errors="0" failures="1" skipped="0" tests="7" time="10.555" timestamp="2026-06-24T17:30:28.948023+00:00" hostname="agent-env-fd40eb44-0ee2-48c0-88cb-37cd4d2ba2dc"><testcase classname="backend.tests.test_speedy.TestSpeedyCities" name="test_search_cities_sofia" time="0.933" /><testcase classname="backend.tests.test_speedy.TestSpeedyCities" name="test_search_cities_varna_en" time="0.800"><failure message="assert False&#10; +  where False = any(&lt;generator object TestSpeedyCities.test_search_cities_varna_en.&lt;locals&gt;.&lt;genexpr&gt; at 0xf8a7cfa14860&gt;)">backend/tests/test_speedy.py:35: in test_search_cities_varna_en
    assert any("Варна" in n for n in names)
E   assert False
E    +  where False = any(&lt;generator object TestSpeedyCities.test_search_cities_varna_en.&lt;locals&gt;.&lt;genexpr&gt; at 0xf8a7cfa14860&gt;)</failure></testcase><testcase classname="backend.tests.test_speedy.TestSpeedyCities" name="test_search_cities_min_length" time="0.099" /><testcase classname="backend.tests.test_speedy.TestSpeedyOffices" name="test_offices_for_sofia" time="2.617" /><testcase classname="backend.tests.test_speedy.TestSpeedyCalculate" name="test_calculate_office_delivery" time="3.925" /><testcase classname="backend.tests.test_speedy.TestSpeedyCalculate" name="test_calculate_address_delivery" time="1.510" /><testcase classname="backend.tests.test_speedy.TestCODOrderWithSpeedy" name="test_cod_order_with_speedy_data" time="0.599" /></testsuite></testsuites>