<?xml version="1.0" encoding="utf-8"?><testsuites name="pytest tests"><testsuite name="pytest" errors="0" failures="0" skipped="0" tests="3" time="1.282" timestamp="2026-06-24T19:19:07.358584+00:00" hostname="agent-env-fd40eb44-0ee2-48c0-88cb-37cd4d2ba2dc"><testcase classname="backend.tests.test_gdpr.TestDeleteAccount" name="test_delete_account_unauthenticated_returns_401" time="0.114" /><testcase classname="backend.tests.test_gdpr.TestDeleteAccount" name="test_full_delete_account_flow" time="0.848" /><testcase classname="backend.tests.test_gdpr.TestAuthHealth" name="test_admin_login_works" time="0.271" /></testsuite></testsuites>