<?xml version="1.0" encoding="utf-8"?><testsuites name="pytest tests"><testsuite name="pytest" errors="0" failures="1" skipped="0" tests="4" time="1.944" timestamp="2026-07-11T22:04:22.080345+00:00" hostname="agent-env-fd40eb44-0ee2-48c0-88cb-37cd4d2ba2dc"><testcase classname="backend.tests.test_collections_hero" name="test_collections_include_banner_and_description" time="0.353" /><testcase classname="backend.tests.test_collections_hero" name="test_products_filter_by_collection" time="0.295" /><testcase classname="backend.tests.test_collections_hero" name="test_put_collection_persists_banner_desc" time="1.052" /><testcase classname="backend.tests.test_collections_hero" name="test_hero_slide_button_fields_persist" time="0.147"><failure message="AssertionError: PUT hero-slides failed: 422 {&quot;detail&quot;:[{&quot;type&quot;:&quot;missing&quot;,&quot;loc&quot;:[&quot;body&quot;,&quot;slides&quot;],&quot;msg&quot;:&quot;Field required&quot;,&quot;input&quot;:{&quot;hero_slides&quot;:[{&quot;image&quot;:&quot;https://test.com/image1.jpg&quot;,&quot;alt&quot;:&quot;Test 1&quot;,&quot;show_button&quot;:true,&quot;button_text&quot;:&quot;TEST_BUTTON&quot;,&quot;button_link_type&quot;:&quot;collection&quot;,&quot;button_link&quot;:&quot;/products?collection=summer_collection&quot;,&quot;button_product_id&quot;:null,&quot;button_collection_slug&quot;:&quot;summer_collection&quot;}]},&quot;url&quot;:&quot;https://errors.pydantic.dev/2.12/v/missing&quot;}]}&#10;assert 422 == 200&#10; +  where 422 = &lt;Response [422]&gt;.status_code">backend/tests/test_collections_hero.py:119: in test_hero_slide_button_fields_persist
    assert put.status_code == 200, f"PUT hero-slides failed: {put.status_code} {put.text}"
E   AssertionError: PUT hero-slides failed: 422 {"detail":[{"type":"missing","loc":["body","slides"],"msg":"Field required","input":{"hero_slides":[{"image":"https://test.com/image1.jpg","alt":"Test 1","show_button":true,"button_text":"TEST_BUTTON","button_link_type":"collection","button_link":"/products?collection=summer_collection","button_product_id":null,"button_collection_slug":"summer_collection"}]},"url":"https://errors.pydantic.dev/2.12/v/missing"}]}
E   assert 422 == 200
E    +  where 422 = &lt;Response [422]&gt;.status_code</failure></testcase></testsuite></testsuites>