<?xml version="1.0" encoding="utf-8"?><testsuites name="pytest tests"><testsuite name="pytest" errors="0" failures="0" skipped="0" tests="21" time="3.223" timestamp="2026-04-11T07:06:30.298651+00:00" hostname="agent-env-fd40eb44-0ee2-48c0-88cb-37cd4d2ba2dc"><testcase classname="backend.tests.test_products_api.TestProductsAPI" name="test_get_all_products_returns_186" time="0.206" /><testcase classname="backend.tests.test_products_api.TestProductsAPI" name="test_products_have_required_fields" time="0.110" /><testcase classname="backend.tests.test_products_api.TestProductsAPI" name="test_filter_by_category_perfumes" time="0.113" /><testcase classname="backend.tests.test_products_api.TestProductsAPI" name="test_filter_by_category_skincare" time="0.110" /><testcase classname="backend.tests.test_products_api.TestProductsAPI" name="test_filter_by_category_makeup" time="0.139" /><testcase classname="backend.tests.test_products_api.TestProductsAPI" name="test_filter_by_category_haircare" time="0.145" /><testcase classname="backend.tests.test_products_api.TestProductsAPI" name="test_filter_by_category_bodycare" time="0.114" /><testcase classname="backend.tests.test_products_api.TestProductsAPI" name="test_filter_by_category_menscare" time="0.106" /><testcase classname="backend.tests.test_products_api.TestCategoriesAPI" name="test_get_categories_returns_6" time="0.144" /><testcase classname="backend.tests.test_products_api.TestCategoriesAPI" name="test_categories_have_correct_display_names" time="0.118" /><testcase classname="backend.tests.test_products_api.TestCategoriesAPI" name="test_categories_have_product_counts" time="0.098" /><testcase classname="backend.tests.test_products_api.TestBrandsAPI" name="test_get_brands_returns_list" time="0.111" /><testcase classname="backend.tests.test_products_api.TestBrandsAPI" name="test_brands_have_product_counts" time="0.103" /><testcase classname="backend.tests.test_products_api.TestSingleProductAPI" name="test_get_single_product_by_id" time="0.207" /><testcase classname="backend.tests.test_products_api.TestSingleProductAPI" name="test_get_nonexistent_product_returns_404" time="0.104" /><testcase classname="backend.tests.test_products_api.TestSearchAndSort" name="test_search_products" time="0.109" /><testcase classname="backend.tests.test_products_api.TestSearchAndSort" name="test_sort_by_price_low" time="0.105" /><testcase classname="backend.tests.test_products_api.TestSearchAndSort" name="test_sort_by_price_high" time="0.107" /><testcase classname="backend.tests.test_products_api.TestSearchAndSort" name="test_default_sort_by_name" time="0.110" /><testcase classname="backend.tests.test_products_api.TestAuthLogin" name="test_admin_login" time="0.331" /><testcase classname="backend.tests.test_products_api.TestAuthLogin" name="test_test_user_login" time="0.331" /></testsuite></testsuites>