<?xml version="1.0" encoding="utf-8"?><testsuites name="pytest tests"><testsuite name="pytest" errors="0" failures="1" skipped="0" tests="24" time="7.958" timestamp="2026-04-07T07:58:41.911768+00:00" hostname="agent-env-fd40eb44-0ee2-48c0-88cb-37cd4d2ba2dc"><testcase classname="tests.test_auth_products.TestHealthCheck" name="test_api_root" time="0.255" /><testcase classname="tests.test_auth_products.TestAuthRegister" name="test_register_new_user" time="0.333" /><testcase classname="tests.test_auth_products.TestAuthRegister" name="test_register_duplicate_email" time="0.097" /><testcase classname="tests.test_auth_products.TestAuthRegister" name="test_register_short_password" time="0.088" /><testcase classname="tests.test_auth_products.TestAuthLogin" name="test_login_admin_success" time="0.353" /><testcase classname="tests.test_auth_products.TestAuthLogin" name="test_login_invalid_password" time="0.316" /><testcase classname="tests.test_auth_products.TestAuthLogin" name="test_login_nonexistent_user" time="0.099" /><testcase classname="tests.test_auth_products.TestAuthMe" name="test_get_me_authenticated" time="0.416" /><testcase classname="tests.test_auth_products.TestAuthMe" name="test_get_me_unauthenticated" time="0.092" /><testcase classname="tests.test_auth_products.TestAuthLogout" name="test_logout_clears_cookies" time="0.394" /><testcase classname="tests.test_auth_products.TestAuthRefresh" name="test_refresh_token" time="0.382" /><testcase classname="tests.test_auth_products.TestAuthRefresh" name="test_refresh_without_token" time="0.089" /><testcase classname="tests.test_auth_products.TestForgotPassword" name="test_forgot_password_existing_email" time="0.101" /><testcase classname="tests.test_auth_products.TestForgotPassword" name="test_forgot_password_nonexistent_email" time="0.096" /><testcase classname="tests.test_auth_products.TestProductsRead" name="test_get_products_list" time="0.093" /><testcase classname="tests.test_auth_products.TestProductsRead" name="test_get_products_with_filters" time="0.095" /><testcase classname="tests.test_auth_products.TestProductsRead" name="test_get_categories" time="0.100" /><testcase classname="tests.test_auth_products.TestProductsRead" name="test_get_brands" time="0.093" /><testcase classname="tests.test_auth_products.TestProductsCRUD" name="test_create_product_admin" time="0.415" /><testcase classname="tests.test_auth_products.TestProductsCRUD" name="test_update_product_admin" time="0.535" /><testcase classname="tests.test_auth_products.TestProductsCRUD" name="test_delete_product_admin" time="0.488" /><testcase classname="tests.test_auth_products.TestProductsCRUD" name="test_create_product_unauthorized" time="0.114" /><testcase classname="tests.test_auth_products.TestProductsCRUD" name="test_create_product_non_admin" time="0.423" /><testcase classname="tests.test_auth_products.TestBruteForceProtection" name="test_brute_force_lockout" time="2.347"><failure message="AssertionError: Expected 429 lockout, got 401&#10;assert 401 == 429&#10; +  where 401 = &lt;Response [401]&gt;.status_code">tests/test_auth_products.py:459: in test_brute_force_lockout
    assert response.status_code == 429, f"Expected 429 lockout, got {response.status_code}"
E   AssertionError: Expected 429 lockout, got 401
E   assert 401 == 429
E    +  where 401 = &lt;Response [401]&gt;.status_code</failure></testcase></testsuite></testsuites>