<?xml version="1.0" encoding="utf-8"?><testsuites name="pytest tests"><testsuite name="pytest" errors="0" failures="0" skipped="0" tests="17" time="6.783" timestamp="2026-04-11T09:21:33.663785+00:00" hostname="agent-env-fd40eb44-0ee2-48c0-88cb-37cd4d2ba2dc"><testcase classname="backend.tests.test_iteration5.TestHealthCheck" name="test_api_root" time="0.152" /><testcase classname="backend.tests.test_iteration5.TestAdminLogin" name="test_admin_login_success" time="0.331" /><testcase classname="backend.tests.test_iteration5.TestAdminLogin" name="test_admin_login_wrong_password" time="0.326" /><testcase classname="backend.tests.test_iteration5.TestAdminLogin" name="test_admin_me_endpoint" time="0.366" /><testcase classname="backend.tests.test_iteration5.TestCartAPI" name="test_get_cart_empty" time="0.428" /><testcase classname="backend.tests.test_iteration5.TestCartAPI" name="test_add_to_cart" time="0.468" /><testcase classname="backend.tests.test_iteration5.TestCartAPI" name="test_update_cart_item" time="0.511" /><testcase classname="backend.tests.test_iteration5.TestCartAPI" name="test_remove_from_cart" time="0.518" /><testcase classname="backend.tests.test_iteration5.TestCartAPI" name="test_clear_cart" time="0.469" /><testcase classname="backend.tests.test_iteration5.TestCartAPI" name="test_cart_unauthenticated" time="0.112" /><testcase classname="backend.tests.test_iteration5.TestOrdersAPI" name="test_get_orders_admin" time="0.371" /><testcase classname="backend.tests.test_iteration5.TestOrdersAPI" name="test_get_orders_with_status_filter" time="0.374" /><testcase classname="backend.tests.test_iteration5.TestOrdersAPI" name="test_orders_unauthenticated" time="0.100" /><testcase classname="backend.tests.test_iteration5.TestProductsAPI" name="test_get_products" time="0.391" /><testcase classname="backend.tests.test_iteration5.TestProductsAPI" name="test_product_has_description_bg_field" time="0.387" /><testcase classname="backend.tests.test_iteration5.TestProductsAPI" name="test_create_product_with_description_bg" time="0.485" /><testcase classname="backend.tests.test_iteration5.TestCartPersistence" name="test_cart_persists_after_relogin" time="0.932" /></testsuite></testsuites>