<?xml version="1.0" encoding="utf-8"?><testsuites name="pytest tests"><testsuite name="pytest" errors="0" failures="0" skipped="1" tests="6" time="8.533" timestamp="2026-06-27T15:59:31.780223+00:00" hostname="agent-env-fd40eb44-0ee2-48c0-88cb-37cd4d2ba2dc"><testcase classname="backend.tests.test_scent_migration.TestScentMigrationStatus" name="test_status_returns_total_visible" time="0.722" /><testcase classname="backend.tests.test_scent_migration.TestScentMigrationStatus" name="test_status_top_level_fields" time="0.172" /><testcase classname="backend.tests.test_scent_migration.TestScentMigrationStatus" name="test_total_visible_matches_products_filter" time="0.290" /><testcase classname="backend.tests.test_scent_migration.TestScentMigrationStart" name="test_start_requires_auth" time="0.129" /><testcase classname="backend.tests.test_scent_migration.TestScentMigrationStart" name="test_start_migration_success" time="6.779" /><testcase classname="backend.tests.test_scent_migration.TestScentMigrationStart" name="test_start_rejects_non_admin" time="0.382"><skipped type="pytest.skip" message="No token for test user">/app/backend/tests/test_scent_migration.py:105: No token for test user</skipped></testcase></testsuite></testsuites>